<?xml version="1.0" encoding="UTF-8"?>
<testng-results skipped="0" failed="0" ignored="0" total="3" passed="3">
  <reporter-output>
  </reporter-output>
  <suite name="Default suite" duration-ms="8028" started-at="2022-04-25T10:38:27Z" finished-at="2022-04-25T10:38:35Z">
    <groups>
    </groups>
    <test name="Default test" duration-ms="8028" started-at="2022-04-25T10:38:27Z" finished-at="2022-04-25T10:38:35Z">
      <class name="com.employeeapi.testCases.TC003_Post_Employee_Record">
        <test-method status="PASS" signature="setup()[pri:0, instance:com.employeeapi.testCases.TC003_Post_Employee_Record@fe18270]" name="setup" is-config="true" duration-ms="137" started-at="2022-04-25T10:38:27Z" finished-at="2022-04-25T10:38:27Z">
          <reporter-output>
          </reporter-output>
        </test-method> <!-- setup -->
        <test-method status="PASS" signature="createEmployee()[pri:0, instance:com.employeeapi.testCases.TC003_Post_Employee_Record@fe18270]" name="createEmployee" is-config="true" duration-ms="7845" started-at="2022-04-25T10:38:27Z" finished-at="2022-04-25T10:38:35Z">
          <reporter-output>
          </reporter-output>
        </test-method> <!-- createEmployee -->
        <test-method status="PASS" signature="checkContentType()[pri:0, instance:com.employeeapi.testCases.TC003_Post_Employee_Record@fe18270]" name="checkContentType" duration-ms="6" started-at="2022-04-25T10:38:35Z" finished-at="2022-04-25T10:38:35Z">
          <reporter-output>
          </reporter-output>
        </test-method> <!-- checkContentType -->
        <test-method status="PASS" signature="checkResponseBody()[pri:0, instance:com.employeeapi.testCases.TC003_Post_Employee_Record@fe18270]" name="checkResponseBody" duration-ms="15" started-at="2022-04-25T10:38:35Z" finished-at="2022-04-25T10:38:35Z">
          <reporter-output>
          </reporter-output>
        </test-method> <!-- checkResponseBody -->
        <test-method status="PASS" signature="checkStatusCode()[pri:0, instance:com.employeeapi.testCases.TC003_Post_Employee_Record@fe18270]" name="checkStatusCode" duration-ms="0" started-at="2022-04-25T10:38:35Z" finished-at="2022-04-25T10:38:35Z">
          <reporter-output>
          </reporter-output>
        </test-method> <!-- checkStatusCode -->
      </class> <!-- com.employeeapi.testCases.TC003_Post_Employee_Record -->
    </test> <!-- Default test -->
  </suite> <!-- Default suite -->
</testng-results>
