<?xml version="1.0" encoding="UTF-8"?>
<!-- Generated by org.testng.reporters.JUnitXMLReporter -->
<testsuite hostname="MAHESH-JUTTI" ignored="0" name="Default test" tests="3" failures="0" timestamp="25 Apr 2022 10:38:35 GMT" time="8.028" errors="0">
  <testcase name="checkContentType" time="0.006" classname="com.employeeapi.testCases.TC003_Post_Employee_Record"/>
  <testcase name="checkResponseBody" time="0.015" classname="com.employeeapi.testCases.TC003_Post_Employee_Record"/>
  <testcase name="checkStatusCode" time="0.0" classname="com.employeeapi.testCases.TC003_Post_Employee_Record"/>
</testsuite> <!-- Default test -->
